<?xml version="1.0" encoding="UTF-8"?>
<!-- Generated by org.testng.reporters.JUnitReportReporter -->
<testsuite hostname="Baskara" name="com.ngtest.prioinvoc" tests="4" failures="0" timestamp="4 Apr 2022 08:23:47 GMT" time="0.032" errors="0">
  <testcase name="tc2" time="0.004" classname="com.ngtest.prioinvoc"/>
  <testcase name="tc3" time="0.024" classname="com.ngtest.prioinvoc"/>
  <testcase name="tc2" time="0.003" classname="com.ngtest.prioinvoc"/>
  <testcase name="tc2" time="0.001" classname="com.ngtest.prioinvoc"/>
</testsuite> <!-- com.ngtest.prioinvoc -->
