<?xml version="1.0" encoding="UTF-8"?>
<!-- Generated by org.testng.reporters.JUnitReportReporter -->
<testsuite skipped="0" hostname="DESKTOP-HC7894O" name="org.paral.Crossbro" tests="3" failures="0" timestamp="24 May 2022 19:45:06 GMT" time="273.229" errors="0">
  <testcase name="testcase" time="39.514" classname="org.paral.Crossbro"/>
  <testcase name="testcase" time="85.299" classname="org.paral.Crossbro"/>
  <testcase name="testcase" time="148.416" classname="org.paral.Crossbro"/>
</testsuite> <!-- org.paral.Crossbro -->
