<?xml version="1.0" encoding="UTF-8"?>
<!-- Generated by org.testng.reporters.JUnitReportReporter -->
<testsuite hostname="Baskara" name="com.ngtest.A" tests="3" failures="0" timestamp="4 Apr 2022 05:57:08 GMT" time="0.036" errors="0">
  <testcase name="tc2" time="0.003" classname="com.ngtest.A"/>
  <testcase name="tc3" time="0.005" classname="com.ngtest.A"/>
  <testcase name="tc1" time="0.028" classname="com.ngtest.A"/>
</testsuite> <!-- com.ngtest.A -->
