<?xml version="1.0" encoding="UTF-8"?>
<!-- Generated by org.testng.reporters.JUnitReportReporter -->
<testsuite hostname="Baskara" name="org.grpng.Ghi" tests="1" failures="0" timestamp="7 Apr 2022 11:01:28 GMT" time="0.035" errors="0">
  <testcase name="tc31" time="0.035" classname="org.grpng.Ghi"/>
</testsuite> <!-- org.grpng.Ghi -->
