<?xml version="1.0" encoding="UTF-8"?>
<!-- Generated by org.testng.reporters.JUnitReportReporter -->
<testsuite skipped="0" hostname="Baskara" name="com.dataprov.Dataprovi" tests="3" failures="0" timestamp="18 Apr 2022 11:56:49 GMT" time="173.094" errors="0">
  <testcase name="tc1" time="80.326" classname="com.dataprov.Dataprovi"/>
  <testcase name="tc1" time="69.897" classname="com.dataprov.Dataprovi"/>
  <testcase name="tc1" time="22.871" classname="com.dataprov.Dataprovi"/>
</testsuite> <!-- com.dataprov.Dataprovi -->
