<?xml version="1.0" encoding="UTF-8"?>
<!-- Generated by org.testng.reporters.JUnitReportReporter -->
<testsuite hostname="Baskara" name="org.grpng.Def" tests="2" failures="0" timestamp="7 Apr 2022 11:01:28 GMT" time="0.016" errors="0">
  <testcase name="tc22" time="0.016" classname="org.grpng.Def"/>
  <testcase name="tc11" time="0.000" classname="org.grpng.Def"/>
</testsuite> <!-- org.grpng.Def -->
