<?xml version="1.0" encoding="UTF-8"?>
<!-- Generated by org.testng.reporters.JUnitReportReporter -->
<testsuite hostname="Baskara" name="org.grpng.Abc" tests="1" failures="0" timestamp="7 Apr 2022 11:01:28 GMT" time="0.000" errors="0">
  <testcase name="tc1" time="0.000" classname="org.grpng.Abc"/>
</testsuite> <!-- org.grpng.Abc -->
