<?xml version="1.0" encoding="UTF-8"?>
<!-- Generated by org.testng.reporters.JUnitReportReporter -->
<testsuite hostname="Baskara" name="com.ngtest.C" tests="2" failures="0" timestamp="4 Apr 2022 05:57:08 GMT" time="0.005" errors="0">
  <testcase name="tc8" time="0.002" classname="com.ngtest.C"/>
  <testcase name="tc7" time="0.003" classname="com.ngtest.C"/>
</testsuite> <!-- com.ngtest.C -->
