<?xml version="1.0" encoding="UTF-8"?>
<!-- Generated by org.testng.reporters.JUnitReportReporter -->
<testsuite hostname="Baskara" name="org.paral.Abc" tests="3" failures="0" timestamp="8 Apr 2022 09:58:30 GMT" time="0.046" errors="0">
  <testcase name="tc3" time="0.004" classname="org.paral.Abc"/>
  <testcase name="tc1" time="0.021" classname="org.paral.Abc"/>
  <testcase name="tc2" time="0.021" classname="org.paral.Abc"/>
</testsuite> <!-- org.paral.Abc -->
