<?xml version="1.0" encoding="UTF-8"?>
<!-- Generated by org.testng.reporters.JUnitReportReporter -->
<testsuite hostname="Baskara" name="org.paral.Def" tests="3" failures="0" timestamp="7 Apr 2022 10:32:44 GMT" time="0.039" errors="0">
  <testcase name="tc22" time="0.013" classname="org.paral.Def"/>
  <testcase name="tc11" time="0.026" classname="org.paral.Def"/>
  <testcase name="tc33" time="0.000" classname="org.paral.Def"/>
</testsuite> <!-- org.paral.Def -->
