<?xml version="1.0" encoding="UTF-8"?>
<!-- Generated by org.testng.reporters.JUnitReportReporter -->
<testsuite hostname="Baskara" name="com.ngtest.B" tests="3" failures="0" timestamp="4 Apr 2022 05:57:08 GMT" time="0.009" errors="0">
  <testcase name="tc5" time="0.002" classname="com.ngtest.B"/>
  <testcase name="tc6" time="0.002" classname="com.ngtest.B"/>
  <testcase name="tc4" time="0.005" classname="com.ngtest.B"/>
</testsuite> <!-- com.ngtest.B -->
